# JRE version: OpenJDK Runtime Environment (8.0_152-b01) (build 1.8.0_152-release-1136-b01)
# Java VM: OpenJDK 64-Bit Server VM (25.152-b01 mixed mode windows-amd64 compressed oops)
Heap:
 PSYoungGen      total 454656K, used 211642K [0x00000000e0000000, 0x00000000fee80000, 0x0000000100000000)
  eden space 416768K, 50% used [0x00000000e0000000,0x00000000eceaeae0,0x00000000f9700000)
  from space 37888K, 0% used [0x00000000fc200000,0x00000000fc200000,0x00000000fe700000)
  to   space 44032K, 11% used [0x00000000f9700000,0x00000000f9bda108,0x00000000fc200000)
 ParOldGen       total 256512K, used 252687K [0x00000000a0000000, 0x00000000afa80000, 0x00000000e0000000)
  object space 256512K, 98% used [0x00000000a0000000,0x00000000af6c3cf8,0x00000000afa80000)
 Metaspace       used 103707K, capacity 109492K, committed 110296K, reserved 1144832K
  class space    used 13193K, capacity 14385K, committed 14592K, reserved 1048576K
GC Heap History (10 events):
Event: 533.557 GC heap before
{Heap before GC invocations=56 (full 4):
 PSYoungGen      total 352768K, used 328726K [0x00000000e0000000, 0x00000000fa600000, 0x0000000100000000)
  eden space 321024K, 100% used [0x00000000e0000000,0x00000000f3980000,0x00000000f3980000)
  from space 31744K, 24% used [0x00000000f3980000,0x00000000f4105950,0x00000000f5880000)
  to   space 30208K, 0% used [0x00000000f8880000,0x00000000f8880000,0x00000000fa600000)
 ParOldGen       total 131584K, used 97080K [0x00000000a0000000, 0x00000000a8080000, 0x00000000e0000000)
  object space 131584K, 73% used [0x00000000a0000000,0x00000000a5ece010,0x00000000a8080000)
 Metaspace       used 102317K, capacity 108222K, committed 108504K, reserved 1142784K
  class space    used 13063K, capacity 14282K, committed 14336K, reserved 1048576K
Event: 533.564 GC heap after
Heap after GC invocations=56 (full 4):
 PSYoungGen      total 394752K, used 3768K [0x00000000e0000000, 0x00000000fa180000, 0x0000000100000000)
  eden space 369152K, 0% used [0x00000000e0000000,0x00000000e0000000,0x00000000f6880000)
  from space 25600K, 14% used [0x00000000f8880000,0x00000000f8c2e330,0x00000000fa180000)
  to   space 29184K, 0% used [0x00000000f6880000,0x00000000f6880000,0x00000000f8500000)
 ParOldGen       total 131584K, used 97104K [0x00000000a0000000, 0x00000000a8080000, 0x00000000e0000000)
  object space 131584K, 73% used [0x00000000a0000000,0x00000000a5ed4010,0x00000000a8080000)
 Metaspace       used 102317K, capacity 108222K, committed 108504K, reserved 1142784K
  class space    used 13063K, capacity 14282K, committed 14336K, reserved 1048576K
}
Event: 540.314 GC heap before
{Heap before GC invocations=57 (full 4):
 PSYoungGen      total 394752K, used 372920K [0x00000000e0000000, 0x00000000fa180000, 0x0000000100000000)
  eden space 369152K, 100% used [0x00000000e0000000,0x00000000f6880000,0x00000000f6880000)
  from space 25600K, 14% used [0x00000000f8880000,0x00000000f8c2e330,0x00000000fa180000)
  to   space 29184K, 0% used [0x00000000f6880000,0x00000000f6880000,0x00000000f8500000)
 ParOldGen       total 131584K, used 97104K [0x00000000a0000000, 0x00000000a8080000, 0x00000000e0000000)
  object space 131584K, 73% used [0x00000000a0000000,0x00000000a5ed4010,0x00000000a8080000)
 Metaspace       used 103040K, capacity 109088K, committed 109400K, reserved 1144832K
  class space    used 13133K, capacity 14387K, committed 14464K, reserved 1048576K
Event: 540.380 GC heap after
Heap after GC invocations=57 (full 4):
 PSYoungGen      total 398336K, used 29173K [0x00000000e0000000, 0x00000000fe700000, 0x0000000100000000)
  eden space 369152K, 0% used [0x00000000e0000000,0x00000000e0000000,0x00000000f6880000)
  from space 29184K, 99% used [0x00000000f6880000,0x00000000f84fd6f0,0x00000000f8500000)
  to   space 37888K, 0% used [0x00000000fc200000,0x00000000fc200000,0x00000000fe700000)
 ParOldGen       total 131584K, used 105822K [0x00000000a0000000, 0x00000000a8080000, 0x00000000e0000000)
  object space 131584K, 80% used [0x00000000a0000000,0x00000000a67578f8,0x00000000a8080000)
 Metaspace       used 103040K, capacity 109088K, committed 109400K, reserved 1144832K
  class space    used 13133K, capacity 14387K, committed 14464K, reserved 1048576K
}
Event: 561.422 GC heap before
{Heap before GC invocations=58 (full 4):
 PSYoungGen      total 398336K, used 394589K [0x00000000e0000000, 0x00000000fe700000, 0x0000000100000000)
  eden space 369152K, 98% used [0x00000000e0000000,0x00000000f64da000,0x00000000f6880000)
  from space 29184K, 99% used [0x00000000f6880000,0x00000000f84fd6f0,0x00000000f8500000)
  to   space 37888K, 0% used [0x00000000fc200000,0x00000000fc200000,0x00000000fe700000)
 ParOldGen       total 131584K, used 105822K [0x00000000a0000000, 0x00000000a8080000, 0x00000000e0000000)
  object space 131584K, 80% used [0x00000000a0000000,0x00000000a67578f8,0x00000000a8080000)
 Metaspace       used 103733K, capacity 109940K, committed 110040K, reserved 1144832K
  class space    used 13243K, capacity 14511K, committed 14592K, reserved 1048576K
Event: 561.451 GC heap after
Heap after GC invocations=58 (full 4):
 PSYoungGen      total 454656K, used 36042K [0x00000000e0000000, 0x00000000fee80000, 0x0000000100000000)
  eden space 416768K, 0% used [0x00000000e0000000,0x00000000e0000000,0x00000000f9700000)
  from space 37888K, 95% used [0x00000000fc200000,0x00000000fe532878,0x00000000fe700000)
  to   space 44032K, 0% used [0x00000000f9700000,0x00000000f9700000,0x00000000fc200000)
 ParOldGen       total 131584K, used 110406K [0x00000000a0000000, 0x00000000a8080000, 0x00000000e0000000)
  object space 131584K, 83% used [0x00000000a0000000,0x00000000a6bd18f8,0x00000000a8080000)
 Metaspace       used 103733K, capacity 109940K, committed 110040K, reserved 1144832K
  class space    used 13243K, capacity 14511K, committed 14592K, reserved 1048576K
}
Event: 564.805 GC heap before
{Heap before GC invocations=59 (full 4):
 PSYoungGen      total 454656K, used 452781K [0x00000000e0000000, 0x00000000fee80000, 0x0000000100000000)
  eden space 416768K, 99% used [0x00000000e0000000,0x00000000f96f8e50,0x00000000f9700000)
  from space 37888K, 95% used [0x00000000fc200000,0x00000000fe532878,0x00000000fe700000)
  to   space 44032K, 0% used [0x00000000f9700000,0x00000000f9700000,0x00000000fc200000)
 ParOldGen       total 131584K, used 110406K [0x00000000a0000000, 0x00000000a8080000, 0x00000000e0000000)
  object space 131584K, 83% used [0x00000000a0000000,0x00000000a6bd18f8,0x00000000a8080000)
 Metaspace       used 103745K, capacity 109948K, committed 110040K, reserved 1144832K
  class space    used 13244K, capacity 14513K, committed 14592K, reserved 1048576K
Event: 564.974 GC heap after
Heap after GC invocations=59 (full 4):
 PSYoungGen      total 454656K, used 452781K [0x00000000e0000000, 0x00000000fee80000, 0x0000000100000000)
  eden space 416768K, 99% used [0x00000000e0000000,0x00000000f96f8e50,0x00000000f9700000)
  from space 37888K, 95% used [0x00000000fc200000,0x00000000fe532878,0x00000000fe700000)
  to   space 44032K, 99% used [0x00000000f9700000,0x00000000fc1fe688,0x00000000fc200000)
 ParOldGen       total 256512K, used 254862K [0x00000000a0000000, 0x00000000afa80000, 0x00000000e0000000)
  object space 256512K, 99% used [0x00000000a0000000,0x00000000af8e3930,0x00000000afa80000)
 Metaspace       used 103745K, capacity 109948K, committed 110040K, reserved 1144832K
  class space    used 13244K, capacity 14513K, committed 14592K, reserved 1048576K
}
Event: 564.974 GC heap before
{Heap before GC invocations=60 (full 5):
 PSYoungGen      total 454656K, used 452781K [0x00000000e0000000, 0x00000000fee80000, 0x0000000100000000)
  eden space 416768K, 99% used [0x00000000e0000000,0x00000000f96f8e50,0x00000000f9700000)
  from space 37888K, 95% used [0x00000000fc200000,0x00000000fe532878,0x00000000fe700000)
  to   space 44032K, 99% used [0x00000000f9700000,0x00000000fc1fe688,0x00000000fc200000)
 ParOldGen       total 256512K, used 254862K [0x00000000a0000000, 0x00000000afa80000, 0x00000000e0000000)
  object space 256512K, 99% used [0x00000000a0000000,0x00000000af8e3930,0x00000000afa80000)
 Metaspace       used 103745K, capacity 109948K, committed 110040K, reserved 1144832K
  class space    used 13244K, capacity 14513K, committed 14592K, reserved 1048576K
Event: 565.823 GC heap after
Heap after GC invocations=60 (full 5):
 PSYoungGen      total 454656K, used 0K [0x00000000e0000000, 0x00000000fee80000, 0x0000000100000000)
  eden space 416768K, 0% used [0x00000000e0000000,0x00000000e0000000,0x00000000f9700000)
  from space 37888K, 0% used [0x00000000fc200000,0x00000000fc200000,0x00000000fe700000)
  to   space 44032K, 11% used [0x00000000f9700000,0x00000000f9bda108,0x00000000fc200000)
 ParOldGen       total 256512K, used 252687K [0x00000000a0000000, 0x00000000afa80000, 0x00000000e0000000)
  object space 256512K, 98% used [0x00000000a0000000,0x00000000af6c3cf8,0x00000000afa80000)
 Metaspace       used 103459K, capacity 109250K, committed 110040K, reserved 1144832K
  class space    used 13142K, capacity 14336K, committed 14592K, reserved 1048576K
}

