# JRE version: OpenJDK Runtime Environment (8.0_152-b01) (build 1.8.0_152-release-1136-b01)
# Java VM: OpenJDK 64-Bit Server VM (25.152-b01 mixed mode windows-amd64 compressed oops)
Heap:
 PSYoungGen      total 452096K, used 385599K [0x00000000e0000000, 0x0000000100000000, 0x0000000100000000)
  eden space 412160K, 93% used [0x00000000e0000000,0x00000000f788fe10,0x00000000f9280000)
  from space 39936K, 0% used [0x00000000f9280000,0x00000000f9280000,0x00000000fb980000)
  to   space 37888K, 0% used [0x00000000fdb00000,0x00000000fdb00000,0x0000000100000000)
 ParOldGen       total 164352K, used 163189K [0x00000000a0000000, 0x00000000aa080000, 0x00000000e0000000)
  object space 164352K, 99% used [0x00000000a0000000,0x00000000a9f5d5a0,0x00000000aa080000)
 Metaspace       used 90453K, capacity 94718K, committed 94936K, reserved 1132544K
  class space    used 11268K, capacity 12173K, committed 12288K, reserved 1048576K
GC Heap History (10 events):
Event: 350.808 GC heap before
{Heap before GC invocations=60 (full 4):
 PSYoungGen      total 401408K, used 382116K [0x00000000e0000000, 0x00000000fd400000, 0x0000000100000000)
  eden space 372736K, 100% used [0x00000000e0000000,0x00000000f6c00000,0x00000000f6c00000)
  from space 28672K, 32% used [0x00000000f6c00000,0x00000000f7529208,0x00000000f8800000)
  to   space 27136K, 0% used [0x00000000fb980000,0x00000000fb980000,0x00000000fd400000)
 ParOldGen       total 133120K, used 104386K [0x00000000a0000000, 0x00000000a8200000, 0x00000000e0000000)
  object space 133120K, 78% used [0x00000000a0000000,0x00000000a65f0ae8,0x00000000a8200000)
 Metaspace       used 89494K, capacity 93788K, committed 94040K, reserved 1130496K
  class space    used 11172K, capacity 12108K, committed 12160K, reserved 1048576K
Event: 350.898 GC heap after
Heap after GC invocations=60 (full 4):
 PSYoungGen      total 439296K, used 27135K [0x00000000e0000000, 0x00000000fed80000, 0x0000000100000000)
  eden space 412160K, 0% used [0x00000000e0000000,0x00000000e0000000,0x00000000f9280000)
  from space 27136K, 99% used [0x00000000fb980000,0x00000000fd3ffde8,0x00000000fd400000)
  to   space 39936K, 0% used [0x00000000f9280000,0x00000000f9280000,0x00000000fb980000)
 ParOldGen       total 133120K, used 124337K [0x00000000a0000000, 0x00000000a8200000, 0x00000000e0000000)
  object space 133120K, 93% used [0x00000000a0000000,0x00000000a796c410,0x00000000a8200000)
 Metaspace       used 89494K, capacity 93788K, committed 94040K, reserved 1130496K
  class space    used 11172K, capacity 12108K, committed 12160K, reserved 1048576K
}
Event: 350.898 GC heap before
{Heap before GC invocations=61 (full 5):
 PSYoungGen      total 439296K, used 27135K [0x00000000e0000000, 0x00000000fed80000, 0x0000000100000000)
  eden space 412160K, 0% used [0x00000000e0000000,0x00000000e0000000,0x00000000f9280000)
  from space 27136K, 99% used [0x00000000fb980000,0x00000000fd3ffde8,0x00000000fd400000)
  to   space 39936K, 0% used [0x00000000f9280000,0x00000000f9280000,0x00000000fb980000)
 ParOldGen       total 133120K, used 124337K [0x00000000a0000000, 0x00000000a8200000, 0x00000000e0000000)
  object space 133120K, 93% used [0x00000000a0000000,0x00000000a796c410,0x00000000a8200000)
 Metaspace       used 89494K, capacity 93788K, committed 94040K, reserved 1130496K
  class space    used 11172K, capacity 12108K, committed 12160K, reserved 1048576K
Event: 351.559 GC heap after
Heap after GC invocations=61 (full 5):
 PSYoungGen      total 439296K, used 0K [0x00000000e0000000, 0x00000000fed80000, 0x0000000100000000)
  eden space 412160K, 0% used [0x00000000e0000000,0x00000000e0000000,0x00000000f9280000)
  from space 27136K, 0% used [0x00000000fb980000,0x00000000fb980000,0x00000000fd400000)
  to   space 39936K, 0% used [0x00000000f9280000,0x00000000f9280000,0x00000000fb980000)
 ParOldGen       total 133120K, used 117547K [0x00000000a0000000, 0x00000000a8200000, 0x00000000e0000000)
  object space 133120K, 88% used [0x00000000a0000000,0x00000000a72cacd8,0x00000000a8200000)
 Metaspace       used 89266K, capacity 93246K, committed 94040K, reserved 1130496K
  class space    used 11089K, capacity 11965K, committed 12160K, reserved 1048576K
}
Event: 394.896 GC heap before
{Heap before GC invocations=62 (full 5):
 PSYoungGen      total 439296K, used 412160K [0x00000000e0000000, 0x00000000fed80000, 0x0000000100000000)
  eden space 412160K, 100% used [0x00000000e0000000,0x00000000f9280000,0x00000000f9280000)
  from space 27136K, 0% used [0x00000000fb980000,0x00000000fb980000,0x00000000fd400000)
  to   space 39936K, 0% used [0x00000000f9280000,0x00000000f9280000,0x00000000fb980000)
 ParOldGen       total 133120K, used 117547K [0x00000000a0000000, 0x00000000a8200000, 0x00000000e0000000)
  object space 133120K, 88% used [0x00000000a0000000,0x00000000a72cacd8,0x00000000a8200000)
 Metaspace       used 89596K, capacity 93716K, committed 94424K, reserved 1132544K
  class space    used 11143K, capacity 12034K, committed 12288K, reserved 1048576K
Event: 394.911 GC heap after
Heap after GC invocations=62 (full 5):
 PSYoungGen      total 452096K, used 14687K [0x00000000e0000000, 0x0000000100000000, 0x0000000100000000)
  eden space 412160K, 0% used [0x00000000e0000000,0x00000000e0000000,0x00000000f9280000)
  from space 39936K, 36% used [0x00000000f9280000,0x00000000fa0d7d28,0x00000000fb980000)
  to   space 37888K, 0% used [0x00000000fdb00000,0x00000000fdb00000,0x0000000100000000)
 ParOldGen       total 133120K, used 117555K [0x00000000a0000000, 0x00000000a8200000, 0x00000000e0000000)
  object space 133120K, 88% used [0x00000000a0000000,0x00000000a72cccd8,0x00000000a8200000)
 Metaspace       used 89596K, capacity 93716K, committed 94424K, reserved 1132544K
  class space    used 11143K, capacity 12034K, committed 12288K, reserved 1048576K
}
Event: 418.157 GC heap before
{Heap before GC invocations=63 (full 5):
 PSYoungGen      total 452096K, used 410909K [0x00000000e0000000, 0x0000000100000000, 0x0000000100000000)
  eden space 412160K, 96% used [0x00000000e0000000,0x00000000f82efa58,0x00000000f9280000)
  from space 39936K, 36% used [0x00000000f9280000,0x00000000fa0d7d28,0x00000000fb980000)
  to   space 37888K, 0% used [0x00000000fdb00000,0x00000000fdb00000,0x0000000100000000)
 ParOldGen       total 133120K, used 117555K [0x00000000a0000000, 0x00000000a8200000, 0x00000000e0000000)
  object space 133120K, 88% used [0x00000000a0000000,0x00000000a72cccd8,0x00000000a8200000)
 Metaspace       used 89937K, capacity 94064K, committed 94424K, reserved 1132544K
  class space    used 11202K, capacity 12098K, committed 12288K, reserved 1048576K
Event: 418.267 GC heap after
Heap after GC invocations=63 (full 5):
 PSYoungGen      total 452096K, used 410909K [0x00000000e0000000, 0x0000000100000000, 0x0000000100000000)
  eden space 412160K, 96% used [0x00000000e0000000,0x00000000f82efa58,0x00000000f9280000)
  from space 39936K, 36% used [0x00000000f9280000,0x00000000fa0d7d28,0x00000000fb980000)
  to   space 37888K, 99% used [0x00000000fdb00000,0x00000000ffff90e0,0x0000000100000000)
 ParOldGen       total 164352K, used 161688K [0x00000000a0000000, 0x00000000aa080000, 0x00000000e0000000)
  object space 164352K, 98% used [0x00000000a0000000,0x00000000a9de6078,0x00000000aa080000)
 Metaspace       used 89937K, capacity 94064K, committed 94424K, reserved 1132544K
  class space    used 11202K, capacity 12098K, committed 12288K, reserved 1048576K
}
Event: 418.267 GC heap before
{Heap before GC invocations=64 (full 6):
 PSYoungGen      total 452096K, used 410909K [0x00000000e0000000, 0x0000000100000000, 0x0000000100000000)
  eden space 412160K, 96% used [0x00000000e0000000,0x00000000f82efa58,0x00000000f9280000)
  from space 39936K, 36% used [0x00000000f9280000,0x00000000fa0d7d28,0x00000000fb980000)
  to   space 37888K, 99% used [0x00000000fdb00000,0x00000000ffff90e0,0x0000000100000000)
 ParOldGen       total 164352K, used 161688K [0x00000000a0000000, 0x00000000aa080000, 0x00000000e0000000)
  object space 164352K, 98% used [0x00000000a0000000,0x00000000a9de6078,0x00000000aa080000)
 Metaspace       used 89937K, capacity 94064K, committed 94424K, reserved 1132544K
  class space    used 11202K, capacity 12098K, committed 12288K, reserved 1048576K
Event: 419.216 GC heap after
Heap after GC invocations=64 (full 6):
 PSYoungGen      total 452096K, used 63276K [0x00000000e0000000, 0x0000000100000000, 0x0000000100000000)
  eden space 412160K, 15% used [0x00000000e0000000,0x00000000e3dcb1d8,0x00000000f9280000)
  from space 39936K, 0% used [0x00000000f9280000,0x00000000f9280000,0x00000000fb980000)
  to   space 37888K, 0% used [0x00000000fdb00000,0x00000000fdb00000,0x0000000100000000)
 ParOldGen       total 164352K, used 163189K [0x00000000a0000000, 0x00000000aa080000, 0x00000000e0000000)
  object space 164352K, 99% used [0x00000000a0000000,0x00000000a9f5d5a0,0x00000000aa080000)
 Metaspace       used 89937K, capacity 94064K, committed 94424K, reserved 1132544K
  class space    used 11202K, capacity 12098K, committed 12288K, reserved 1048576K
}

